[2018-03-08 09:27:15,810] DEBUG [Controller id=0] Resigning (kafka.controller.KafkaController)
[2018-03-08 09:27:15,811] DEBUG [Controller id=0] De-registering IsrChangeNotificationListener (kafka.controller.KafkaController)
[2018-03-08 09:27:15,813] DEBUG [Controller id=0] De-registering logDirEventNotificationListener (kafka.controller.KafkaController)
[2018-03-08 09:27:15,817] INFO [PartitionStateMachine controllerId=0] Stopped partition state machine (kafka.controller.PartitionStateMachine)
[2018-03-08 09:27:15,818] INFO [ReplicaStateMachine controllerId=0] Stopped replica state machine (kafka.controller.ReplicaStateMachine)
[2018-03-08 09:27:15,819] INFO [Controller-0-to-broker-2-send-thread]: Shutting down (kafka.controller.RequestSendThread)
[2018-03-08 09:27:15,820] INFO [Controller-0-to-broker-2-send-thread]: Stopped (kafka.controller.RequestSendThread)
[2018-03-08 09:27:15,822] INFO [Controller-0-to-broker-2-send-thread]: Shutdown completed (kafka.controller.RequestSendThread)
[2018-03-08 09:27:15,824] INFO [Controller-0-to-broker-1-send-thread]: Shutting down (kafka.controller.RequestSendThread)
[2018-03-08 09:27:15,824] INFO [Controller-0-to-broker-1-send-thread]: Stopped (kafka.controller.RequestSendThread)
[2018-03-08 09:27:15,824] INFO [Controller-0-to-broker-1-send-thread]: Shutdown completed (kafka.controller.RequestSendThread)
[2018-03-08 09:27:15,826] INFO [Controller-0-to-broker-0-send-thread]: Shutting down (kafka.controller.RequestSendThread)
[2018-03-08 09:27:15,826] INFO [Controller-0-to-broker-0-send-thread]: Stopped (kafka.controller.RequestSendThread)
[2018-03-08 09:27:15,826] INFO [Controller-0-to-broker-0-send-thread]: Shutdown completed (kafka.controller.RequestSendThread)
[2018-03-08 09:27:15,828] INFO [Controller id=0] Resigned (kafka.controller.KafkaController)
[2018-03-08 09:27:15,897] DEBUG [Controller id=0] Broker 2 has been elected as the controller, so stopping the election process. (kafka.controller.KafkaController)
[2018-03-08 09:40:45,062] DEBUG [Controller id=0] Broker 2 has been elected as the controller, so stopping the election process. (kafka.controller.KafkaController)
[2018-03-08 09:42:04,268] DEBUG [Controller id=0] Broker 2 has been elected as the controller, so stopping the election process. (kafka.controller.KafkaController)
[2018-03-08 09:42:46,341] INFO [Controller id=0] 0 successfully elected as the controller (kafka.controller.KafkaController)
[2018-03-08 09:42:46,703] INFO [Controller id=0] Starting become controller state transition (kafka.controller.KafkaController)
[2018-03-08 09:42:47,246] INFO [Controller id=0] Initialized controller epoch to 58 and zk version 57 (kafka.controller.KafkaController)
[2018-03-08 09:42:48,174] INFO [Controller id=0] Incremented epoch to 59 (kafka.controller.KafkaController)
[2018-03-08 09:42:48,351] DEBUG [Controller id=0] Registering IsrChangeNotificationListener (kafka.controller.KafkaController)
[2018-03-08 09:42:48,352] DEBUG [Controller id=0] Registering logDirEventNotificationListener (kafka.controller.KafkaController)
[2018-03-08 09:42:48,363] DEBUG [Channel manager on controller 0]: Controller 0 trying to connect to broker 0 (kafka.controller.ControllerChannelManager)
[2018-03-08 09:42:48,364] DEBUG [Channel manager on controller 0]: Controller 0 trying to connect to broker 1 (kafka.controller.ControllerChannelManager)
[2018-03-08 09:42:48,365] INFO [Controller id=0] Partitions being reassigned: Map() (kafka.controller.KafkaController)
[2018-03-08 09:42:48,365] INFO [Controller id=0] Partitions already reassigned: Set() (kafka.controller.KafkaController)
[2018-03-08 09:42:48,365] INFO [Controller id=0] Resuming reassignment of partitions: Map() (kafka.controller.KafkaController)
[2018-03-08 09:42:48,365] INFO [Controller id=0] Currently active brokers in the cluster: Set(0, 1) (kafka.controller.KafkaController)
[2018-03-08 09:42:48,365] INFO [Controller id=0] Currently shutting brokers in the cluster: Set() (kafka.controller.KafkaController)
[2018-03-08 09:42:48,365] INFO [Controller id=0] Current list of topics in the cluster: Set(topic-commit, topiccommit, __consumer_offsets) (kafka.controller.KafkaController)
[2018-03-08 09:42:48,366] INFO [Controller id=0] List of topics to be deleted: topic-commit (kafka.controller.KafkaController)
[2018-03-08 09:42:48,366] INFO [Controller id=0] List of topics ineligible for deletion: topic-commit,topiccommit (kafka.controller.KafkaController)
[2018-03-08 09:42:48,368] INFO [ReplicaStateMachine controllerId=0] Invoking state change to OnlineReplica for replicas [Topic=topiccommit,Partition=2,Replica=1],[Topic=__consumer_offsets,Partition=25,Replica=0],[Topic=topiccommit,Partition=5,Replica=1],[Topic=topiccommit,Partition=8,Replica=0],[Topic=__consumer_offsets,Partition=12,Replica=0],[Topic=topiccommit,Partition=1,Replica=1],[Topic=topiccommit,Partition=1,Replica=0],[Topic=__consumer_offsets,Partition=31,Replica=0],[Topic=__consumer_offsets,Partition=40,Replica=0],[Topic=topiccommit,Partition=7,Replica=0],[Topic=__consumer_offsets,Partition=35,Replica=0],[Topic=topiccommit,Partition=3,Replica=0],[Topic=__consumer_offsets,Partition=9,Replica=0],[Topic=__consumer_offsets,Partition=43,Replica=0],[Topic=__consumer_offsets,Partition=2,Replica=0],[Topic=topiccommit,Partition=5,Replica=0],[Topic=__consumer_offsets,Partition=11,Replica=0],[Topic=__consumer_offsets,Partition=29,Replica=0],[Topic=__consumer_offsets,Partition=30,Replica=0],[Topic=__consumer_offsets,Partition=4,Replica=0],[Topic=topiccommit,Partition=4,Replica=1],[Topic=__consumer_offsets,Partition=42,Replica=0],[Topic=topiccommit,Partition=9,Replica=1],[Topic=__consumer_offsets,Partition=26,Replica=0],[Topic=__consumer_offsets,Partition=34,Replica=0],[Topic=__consumer_offsets,Partition=17,Replica=0],[Topic=topiccommit,Partition=8,Replica=1],[Topic=__consumer_offsets,Partition=37,Replica=0],[Topic=__consumer_offsets,Partition=27,Replica=0],[Topic=__consumer_offsets,Partition=10,Replica=0],[Topic=topiccommit,Partition=0,Replica=1],[Topic=__consumer_offsets,Partition=41,Replica=0],[Topic=__consumer_offsets,Partition=20,Replica=0],[Topic=__consumer_offsets,Partition=28,Replica=0],[Topic=topiccommit,Partition=0,Replica=0],[Topic=__consumer_offsets,Partition=46,Replica=0],[Topic=__consumer_offsets,Partition=39,Replica=0],[Topic=__consumer_offsets,Partition=47,Replica=0],[Topic=__consumer_offsets,Partition=49,Replica=0],[Topic=__consumer_offsets,Partition=22,Replica=0],[Topic=__consumer_offsets,Partition=1,Replica=0],[Topic=__consumer_offsets,Partition=24,Replica=0],[Topic=__consumer_offsets,Partition=6,Replica=0],[Topic=topiccommit,Partition=7,Replica=1],[Topic=topiccommit,Partition=9,Replica=0],[Topic=__consumer_offsets,Partition=36,Replica=0],[Topic=topiccommit,Partition=2,Replica=0],[Topic=__consumer_offsets,Partition=8,Replica=0],[Topic=__consumer_offsets,Partition=38,Replica=0],[Topic=__consumer_offsets,Partition=16,Replica=0],[Topic=__consumer_offsets,Partition=21,Replica=0],[Topic=topiccommit,Partition=4,Replica=0],[Topic=__consumer_offsets,Partition=18,Replica=0],[Topic=__consumer_offsets,Partition=0,Replica=0],[Topic=__consumer_offsets,Partition=48,Replica=0],[Topic=__consumer_offsets,Partition=5,Replica=0],[Topic=topiccommit,Partition=6,Replica=0],[Topic=__consumer_offsets,Partition=13,Replica=0],[Topic=__consumer_offsets,Partition=3,Replica=0],[Topic=__consumer_offsets,Partition=44,Replica=0],[Topic=__consumer_offsets,Partition=15,Replica=0],[Topic=__consumer_offsets,Partition=7,Replica=0],[Topic=topiccommit,Partition=3,Replica=1],[Topic=__consumer_offsets,Partition=19,Replica=0],[Topic=__consumer_offsets,Partition=33,Replica=0],[Topic=topiccommit,Partition=6,Replica=1],[Topic=__consumer_offsets,Partition=45,Replica=0],[Topic=__consumer_offsets,Partition=23,Replica=0],[Topic=__consumer_offsets,Partition=32,Replica=0],[Topic=__consumer_offsets,Partition=14,Replica=0] (kafka.controller.ReplicaStateMachine)
[2018-03-08 09:42:48,373] INFO [ReplicaStateMachine controllerId=0] Started replica state machine with initial state -> Map([Topic=__consumer_offsets,Partition=39,Replica=0] -> OnlineReplica, [Topic=__consumer_offsets,Partition=6,Replica=0] -> OnlineReplica, [Topic=__consumer_offsets,Partition=21,Replica=0] -> OnlineReplica, [Topic=__consumer_offsets,Partition=33,Replica=0] -> OnlineReplica, [Topic=topiccommit,Partition=2,Replica=2] -> ReplicaDeletionIneligible, [Topic=topiccommit,Partition=3,Replica=1] -> OnlineReplica, [Topic=topiccommit,Partition=7,Replica=2] -> ReplicaDeletionIneligible, [Topic=topiccommit,Partition=8,Replica=1] -> OnlineReplica, [Topic=topiccommit,Partition=0,Replica=1] -> OnlineReplica, [Topic=topiccommit,Partition=2,Replica=0] -> OnlineReplica, [Topic=__consumer_offsets,Partition=9,Replica=0] -> OnlineReplica, [Topic=topiccommit,Partition=9,Replica=2] -> ReplicaDeletionIneligible, [Topic=__consumer_offsets,Partition=12,Replica=0] -> OnlineReplica, [Topic=__consumer_offsets,Partition=17,Replica=0] -> OnlineReplica, [Topic=__consumer_offsets,Partition=20,Replica=0] -> OnlineReplica, [Topic=__consumer_offsets,Partition=3,Replica=0] -> OnlineReplica, [Topic=__consumer_offsets,Partition=19,Replica=0] -> OnlineReplica, [Topic=__consumer_offsets,Partition=49,Replica=0] -> OnlineReplica, [Topic=topiccommit,Partition=5,Replica=0] -> OnlineReplica, [Topic=__consumer_offsets,Partition=45,Replica=0] -> OnlineReplica, [Topic=__consumer_offsets,Partition=22,Replica=0] -> OnlineReplica, [Topic=topiccommit,Partition=7,Replica=1] -> OnlineReplica, [Topic=__consumer_offsets,Partition=27,Replica=0] -> OnlineReplica, [Topic=__consumer_offsets,Partition=32,Replica=0] -> OnlineReplica, [Topic=topiccommit,Partition=2,Replica=1] -> OnlineReplica, [Topic=__consumer_offsets,Partition=11,Replica=0] -> OnlineReplica, [Topic=topiccommit,Partition=6,Replica=2] -> ReplicaDeletionIneligible, [Topic=topic-commit,Partition=0,Replica=11] -> ReplicaDeletionIneligible, [Topic=__consumer_offsets,Partition=42,Replica=0] -> OnlineReplica, [Topic=__consumer_offsets,Partition=38,Replica=0] -> OnlineReplica, [Topic=__consumer_offsets,Partition=43,Replica=0] -> OnlineReplica, [Topic=__consumer_offsets,Partition=48,Replica=0] -> OnlineReplica, [Topic=topiccommit,Partition=0,Replica=0] -> OnlineReplica, [Topic=__consumer_offsets,Partition=8,Replica=0] -> OnlineReplica, [Topic=topiccommit,Partition=3,Replica=0] -> OnlineReplica, [Topic=__consumer_offsets,Partition=28,Replica=0] -> OnlineReplica, [Topic=topiccommit,Partition=9,Replica=0] -> OnlineReplica, [Topic=__consumer_offsets,Partition=2,Replica=0] -> OnlineReplica, [Topic=__consumer_offsets,Partition=36,Replica=0] -> OnlineReplica, [Topic=topiccommit,Partition=5,Replica=2] -> ReplicaDeletionIneligible, [Topic=__consumer_offsets,Partition=29,Replica=0] -> OnlineReplica, [Topic=__consumer_offsets,Partition=40,Replica=0] -> OnlineReplica, [Topic=topiccommit,Partition=8,Replica=0] -> OnlineReplica, [Topic=__consumer_offsets,Partition=16,Replica=0] -> OnlineReplica, [Topic=topiccommit,Partition=8,Replica=2] -> ReplicaDeletionIneligible, [Topic=topiccommit,Partition=1,Replica=0] -> OnlineReplica, [Topic=__consumer_offsets,Partition=15,Replica=0] -> OnlineReplica, [Topic=__consumer_offsets,Partition=1,Replica=0] -> OnlineReplica, [Topic=__consumer_offsets,Partition=46,Replica=0] -> OnlineReplica, [Topic=topiccommit,Partition=1,Replica=2] -> ReplicaDeletionIneligible, [Topic=__consumer_offsets,Partition=44,Replica=0] -> OnlineReplica, [Topic=__consumer_offsets,Partition=23,Replica=0] -> OnlineReplica, [Topic=__consumer_offsets,Partition=4,Replica=0] -> OnlineReplica, [Topic=topiccommit,Partition=3,Replica=2] -> ReplicaDeletionIneligible, [Topic=topiccommit,Partition=9,Replica=1] -> OnlineReplica, [Topic=__consumer_offsets,Partition=26,Replica=0] -> OnlineReplica, [Topic=__consumer_offsets,Partition=30,Replica=0] -> OnlineReplica, [Topic=__consumer_offsets,Partition=34,Replica=0] -> OnlineReplica, [Topic=__consumer_offsets,Partition=37,Replica=0] -> OnlineReplica, [Topic=topiccommit,Partition=4,Replica=2] -> ReplicaDeletionIneligible, [Topic=topiccommit,Partition=7,Replica=0] -> OnlineReplica, [Topic=__consumer_offsets,Partition=18,Replica=0] -> OnlineReplica, [Topic=__consumer_offsets,Partition=10,Replica=0] -> OnlineReplica, [Topic=__consumer_offsets,Partition=7,Replica=0] -> OnlineReplica, [Topic=__consumer_offsets,Partition=31,Replica=0] -> OnlineReplica, [Topic=__consumer_offsets,Partition=24,Replica=0] -> OnlineReplica, [Topic=__consumer_offsets,Partition=0,Replica=0] -> OnlineReplica, [Topic=__consumer_offsets,Partition=41,Replica=0] -> OnlineReplica, [Topic=topiccommit,Partition=6,Replica=0] -> OnlineReplica, [Topic=topiccommit,Partition=6,Replica=1] -> OnlineReplica, [Topic=__consumer_offsets,Partition=14,Replica=0] -> OnlineReplica, [Topic=__consumer_offsets,Partition=5,Replica=0] -> OnlineReplica, [Topic=topiccommit,Partition=0,Replica=2] -> ReplicaDeletionIneligible, [Topic=__consumer_offsets,Partition=13,Replica=0] -> OnlineReplica, [Topic=__consumer_offsets,Partition=25,Replica=0] -> OnlineReplica, [Topic=topiccommit,Partition=1,Replica=1] -> OnlineReplica, [Topic=__consumer_offsets,Partition=47,Replica=0] -> OnlineReplica, [Topic=topiccommit,Partition=4,Replica=1] -> OnlineReplica, [Topic=__consumer_offsets,Partition=35,Replica=0] -> OnlineReplica, [Topic=topiccommit,Partition=5,Replica=1] -> OnlineReplica, [Topic=topiccommit,Partition=4,Replica=0] -> OnlineReplica) (kafka.controller.ReplicaStateMachine)
[2018-03-08 09:42:48,374] DEBUG [OfflinePartitionLeaderSelector]: Some broker in ISR is alive for __consumer_offsets-19. Select 0 from ISR 0 to be the leader. (kafka.controller.OfflinePartitionLeaderSelector)
[2018-03-08 09:42:48,374] INFO [OfflinePartitionLeaderSelector]: Selected new leader and ISR {"leader":0,"leader_epoch":30,"isr":[0]} for offline partition __consumer_offsets-19 (kafka.controller.OfflinePartitionLeaderSelector)
[2018-03-08 09:42:50,188] INFO [Controller-0-to-broker-0-send-thread]: Starting (kafka.controller.RequestSendThread)
[2018-03-08 09:42:50,188] DEBUG [PartitionStateMachine controllerId=0] After leader election, leader cache for __consumer_offsets-19 is updated to (Leader:0,ISR:0,LeaderEpoch:30,ControllerEpoch:59) (kafka.controller.PartitionStateMachine)
[2018-03-08 09:42:50,193] INFO [Controller-0-to-broker-1-send-thread]: Starting (kafka.controller.RequestSendThread)
[2018-03-08 09:42:50,194] DEBUG [OfflinePartitionLeaderSelector]: Some broker in ISR is alive for __consumer_offsets-30. Select 0 from ISR 0 to be the leader. (kafka.controller.OfflinePartitionLeaderSelector)
[2018-03-08 09:42:50,194] INFO [OfflinePartitionLeaderSelector]: Selected new leader and ISR {"leader":0,"leader_epoch":31,"isr":[0]} for offline partition __consumer_offsets-30 (kafka.controller.OfflinePartitionLeaderSelector)
[2018-03-08 09:42:50,194] INFO [Controller-0-to-broker-1-send-thread]: Controller 0 connected to bigData:9093 (id: 1 rack: null) for sending state change requests (kafka.controller.RequestSendThread)
[2018-03-08 09:42:50,194] INFO [Controller-0-to-broker-0-send-thread]: Controller 0 connected to bigData:9092 (id: 0 rack: null) for sending state change requests (kafka.controller.RequestSendThread)
[2018-03-08 09:42:50,704] DEBUG [PartitionStateMachine controllerId=0] After leader election, leader cache for __consumer_offsets-30 is updated to (Leader:0,ISR:0,LeaderEpoch:31,ControllerEpoch:59) (kafka.controller.PartitionStateMachine)
[2018-03-08 09:42:52,450] DEBUG [OfflinePartitionLeaderSelector]: Some broker in ISR is alive for __consumer_offsets-47. Select 0 from ISR 0 to be the leader. (kafka.controller.OfflinePartitionLeaderSelector)
[2018-03-08 09:42:52,844] INFO [OfflinePartitionLeaderSelector]: Selected new leader and ISR {"leader":0,"leader_epoch":30,"isr":[0]} for offline partition __consumer_offsets-47 (kafka.controller.OfflinePartitionLeaderSelector)
[2018-03-08 09:42:55,426] DEBUG [PartitionStateMachine controllerId=0] After leader election, leader cache for __consumer_offsets-47 is updated to (Leader:0,ISR:0,LeaderEpoch:30,ControllerEpoch:59) (kafka.controller.PartitionStateMachine)
[2018-03-08 09:42:57,550] DEBUG [OfflinePartitionLeaderSelector]: Some broker in ISR is alive for __consumer_offsets-29. Select 0 from ISR 0 to be the leader. (kafka.controller.OfflinePartitionLeaderSelector)
[2018-03-08 09:42:57,550] INFO [OfflinePartitionLeaderSelector]: Selected new leader and ISR {"leader":0,"leader_epoch":31,"isr":[0]} for offline partition __consumer_offsets-29 (kafka.controller.OfflinePartitionLeaderSelector)
[2018-03-08 09:42:58,152] DEBUG [PartitionStateMachine controllerId=0] After leader election, leader cache for __consumer_offsets-29 is updated to (Leader:0,ISR:0,LeaderEpoch:31,ControllerEpoch:59) (kafka.controller.PartitionStateMachine)
[2018-03-08 09:42:58,153] DEBUG [OfflinePartitionLeaderSelector]: Some broker in ISR is alive for __consumer_offsets-41. Select 0 from ISR 0 to be the leader. (kafka.controller.OfflinePartitionLeaderSelector)
[2018-03-08 09:42:58,153] INFO [OfflinePartitionLeaderSelector]: Selected new leader and ISR {"leader":0,"leader_epoch":30,"isr":[0]} for offline partition __consumer_offsets-41 (kafka.controller.OfflinePartitionLeaderSelector)
[2018-03-08 09:42:58,797] DEBUG [PartitionStateMachine controllerId=0] After leader election, leader cache for __consumer_offsets-41 is updated to (Leader:0,ISR:0,LeaderEpoch:30,ControllerEpoch:59) (kafka.controller.PartitionStateMachine)
[2018-03-08 09:42:58,797] DEBUG [OfflinePartitionLeaderSelector]: Some broker in ISR is alive for __consumer_offsets-39. Select 0 from ISR 0 to be the leader. (kafka.controller.OfflinePartitionLeaderSelector)
[2018-03-08 09:42:58,797] INFO [OfflinePartitionLeaderSelector]: Selected new leader and ISR {"leader":0,"leader_epoch":30,"isr":[0]} for offline partition __consumer_offsets-39 (kafka.controller.OfflinePartitionLeaderSelector)
[2018-03-08 09:42:58,913] DEBUG [PartitionStateMachine controllerId=0] After leader election, leader cache for __consumer_offsets-39 is updated to (Leader:0,ISR:0,LeaderEpoch:30,ControllerEpoch:59) (kafka.controller.PartitionStateMachine)
[2018-03-08 09:42:58,913] DEBUG [OfflinePartitionLeaderSelector]: Some broker in ISR is alive for __consumer_offsets-17. Select 0 from ISR 0 to be the leader. (kafka.controller.OfflinePartitionLeaderSelector)
[2018-03-08 09:42:58,913] INFO [OfflinePartitionLeaderSelector]: Selected new leader and ISR {"leader":0,"leader_epoch":31,"isr":[0]} for offline partition __consumer_offsets-17 (kafka.controller.OfflinePartitionLeaderSelector)
[2018-03-08 09:42:59,425] DEBUG [PartitionStateMachine controllerId=0] After leader election, leader cache for __consumer_offsets-17 is updated to (Leader:0,ISR:0,LeaderEpoch:31,ControllerEpoch:59) (kafka.controller.PartitionStateMachine)
[2018-03-08 09:43:00,229] DEBUG [OfflinePartitionLeaderSelector]: Some broker in ISR is alive for __consumer_offsets-10. Select 0 from ISR 0 to be the leader. (kafka.controller.OfflinePartitionLeaderSelector)
[2018-03-08 09:43:00,230] INFO [OfflinePartitionLeaderSelector]: Selected new leader and ISR {"leader":0,"leader_epoch":30,"isr":[0]} for offline partition __consumer_offsets-10 (kafka.controller.OfflinePartitionLeaderSelector)
[2018-03-08 09:43:00,829] DEBUG [PartitionStateMachine controllerId=0] After leader election, leader cache for __consumer_offsets-10 is updated to (Leader:0,ISR:0,LeaderEpoch:30,ControllerEpoch:59) (kafka.controller.PartitionStateMachine)
[2018-03-08 09:43:00,829] DEBUG [OfflinePartitionLeaderSelector]: Some broker in ISR is alive for __consumer_offsets-14. Select 0 from ISR 0 to be the leader. (kafka.controller.OfflinePartitionLeaderSelector)
[2018-03-08 09:43:00,829] INFO [OfflinePartitionLeaderSelector]: Selected new leader and ISR {"leader":0,"leader_epoch":30,"isr":[0]} for offline partition __consumer_offsets-14 (kafka.controller.OfflinePartitionLeaderSelector)
[2018-03-08 09:43:01,131] DEBUG [PartitionStateMachine controllerId=0] After leader election, leader cache for __consumer_offsets-14 is updated to (Leader:0,ISR:0,LeaderEpoch:30,ControllerEpoch:59) (kafka.controller.PartitionStateMachine)
[2018-03-08 09:43:01,131] DEBUG [OfflinePartitionLeaderSelector]: Some broker in ISR is alive for __consumer_offsets-40. Select 0 from ISR 0 to be the leader. (kafka.controller.OfflinePartitionLeaderSelector)
[2018-03-08 09:43:01,131] INFO [OfflinePartitionLeaderSelector]: Selected new leader and ISR {"leader":0,"leader_epoch":31,"isr":[0]} for offline partition __consumer_offsets-40 (kafka.controller.OfflinePartitionLeaderSelector)
[2018-03-08 09:43:01,665] DEBUG [PartitionStateMachine controllerId=0] After leader election, leader cache for __consumer_offsets-40 is updated to (Leader:0,ISR:0,LeaderEpoch:31,ControllerEpoch:59) (kafka.controller.PartitionStateMachine)
[2018-03-08 09:43:01,847] DEBUG [OfflinePartitionLeaderSelector]: Some broker in ISR is alive for __consumer_offsets-18. Select 0 from ISR 0 to be the leader. (kafka.controller.OfflinePartitionLeaderSelector)
[2018-03-08 09:43:02,039] INFO [OfflinePartitionLeaderSelector]: Selected new leader and ISR {"leader":0,"leader_epoch":30,"isr":[0]} for offline partition __consumer_offsets-18 (kafka.controller.OfflinePartitionLeaderSelector)
[2018-03-08 09:43:02,217] DEBUG [PartitionStateMachine controllerId=0] After leader election, leader cache for __consumer_offsets-18 is updated to (Leader:0,ISR:0,LeaderEpoch:30,ControllerEpoch:59) (kafka.controller.PartitionStateMachine)
[2018-03-08 09:43:02,652] DEBUG [OfflinePartitionLeaderSelector]: Some broker in ISR is alive for __consumer_offsets-26. Select 0 from ISR 0 to be the leader. (kafka.controller.OfflinePartitionLeaderSelector)
[2018-03-08 09:43:02,652] INFO [OfflinePartitionLeaderSelector]: Selected new leader and ISR {"leader":0,"leader_epoch":31,"isr":[0]} for offline partition __consumer_offsets-26 (kafka.controller.OfflinePartitionLeaderSelector)
[2018-03-08 09:43:03,121] DEBUG [PartitionStateMachine controllerId=0] After leader election, leader cache for __consumer_offsets-26 is updated to (Leader:0,ISR:0,LeaderEpoch:31,ControllerEpoch:59) (kafka.controller.PartitionStateMachine)
[2018-03-08 09:43:03,214] DEBUG [OfflinePartitionLeaderSelector]: Some broker in ISR is alive for __consumer_offsets-0. Select 0 from ISR 0 to be the leader. (kafka.controller.OfflinePartitionLeaderSelector)
[2018-03-08 09:43:03,215] INFO [OfflinePartitionLeaderSelector]: Selected new leader and ISR {"leader":0,"leader_epoch":30,"isr":[0]} for offline partition __consumer_offsets-0 (kafka.controller.OfflinePartitionLeaderSelector)
[2018-03-08 09:43:03,429] DEBUG [PartitionStateMachine controllerId=0] After leader election, leader cache for __consumer_offsets-0 is updated to (Leader:0,ISR:0,LeaderEpoch:30,ControllerEpoch:59) (kafka.controller.PartitionStateMachine)
[2018-03-08 09:43:03,430] DEBUG [OfflinePartitionLeaderSelector]: Some broker in ISR is alive for __consumer_offsets-24. Select 0 from ISR 0 to be the leader. (kafka.controller.OfflinePartitionLeaderSelector)
[2018-03-08 09:43:03,430] INFO [OfflinePartitionLeaderSelector]: Selected new leader and ISR {"leader":0,"leader_epoch":30,"isr":[0]} for offline partition __consumer_offsets-24 (kafka.controller.OfflinePartitionLeaderSelector)
[2018-03-08 09:43:03,567] DEBUG [PartitionStateMachine controllerId=0] After leader election, leader cache for __consumer_offsets-24 is updated to (Leader:0,ISR:0,LeaderEpoch:30,ControllerEpoch:59) (kafka.controller.PartitionStateMachine)
[2018-03-08 09:43:03,567] DEBUG [OfflinePartitionLeaderSelector]: Some broker in ISR is alive for __consumer_offsets-33. Select 0 from ISR 0 to be the leader. (kafka.controller.OfflinePartitionLeaderSelector)
[2018-03-08 09:43:03,567] INFO [OfflinePartitionLeaderSelector]: Selected new leader and ISR {"leader":0,"leader_epoch":30,"isr":[0]} for offline partition __consumer_offsets-33 (kafka.controller.OfflinePartitionLeaderSelector)
[2018-03-08 09:43:03,650] DEBUG [PartitionStateMachine controllerId=0] After leader election, leader cache for __consumer_offsets-33 is updated to (Leader:0,ISR:0,LeaderEpoch:30,ControllerEpoch:59) (kafka.controller.PartitionStateMachine)
[2018-03-08 09:43:03,650] DEBUG [OfflinePartitionLeaderSelector]: Some broker in ISR is alive for topiccommit-7. Select 0 from ISR 1,0 to be the leader. (kafka.controller.OfflinePartitionLeaderSelector)
[2018-03-08 09:43:03,650] INFO [OfflinePartitionLeaderSelector]: Selected new leader and ISR {"leader":0,"leader_epoch":35,"isr":[1,0]} for offline partition topiccommit-7 (kafka.controller.OfflinePartitionLeaderSelector)
[2018-03-08 09:43:03,743] DEBUG [PartitionStateMachine controllerId=0] After leader election, leader cache for topiccommit-7 is updated to (Leader:0,ISR:1,0,LeaderEpoch:35,ControllerEpoch:59) (kafka.controller.PartitionStateMachine)
[2018-03-08 09:43:03,744] DEBUG [OfflinePartitionLeaderSelector]: Some broker in ISR is alive for topiccommit-5. Select 0 from ISR 1,0 to be the leader. (kafka.controller.OfflinePartitionLeaderSelector)
[2018-03-08 09:43:03,744] INFO [OfflinePartitionLeaderSelector]: Selected new leader and ISR {"leader":0,"leader_epoch":33,"isr":[1,0]} for offline partition topiccommit-5 (kafka.controller.OfflinePartitionLeaderSelector)
[2018-03-08 09:43:04,051] DEBUG [PartitionStateMachine controllerId=0] After leader election, leader cache for topiccommit-5 is updated to (Leader:0,ISR:1,0,LeaderEpoch:33,ControllerEpoch:59) (kafka.controller.PartitionStateMachine)
[2018-03-08 09:43:04,051] DEBUG [OfflinePartitionLeaderSelector]: Some broker in ISR is alive for __consumer_offsets-20. Select 0 from ISR 0 to be the leader. (kafka.controller.OfflinePartitionLeaderSelector)
[2018-03-08 09:43:04,051] INFO [OfflinePartitionLeaderSelector]: Selected new leader and ISR {"leader":0,"leader_epoch":30,"isr":[0]} for offline partition __consumer_offsets-20 (kafka.controller.OfflinePartitionLeaderSelector)
[2018-03-08 09:43:04,226] DEBUG [PartitionStateMachine controllerId=0] After leader election, leader cache for __consumer_offsets-20 is updated to (Leader:0,ISR:0,LeaderEpoch:30,ControllerEpoch:59) (kafka.controller.PartitionStateMachine)
[2018-03-08 09:43:04,285] DEBUG [OfflinePartitionLeaderSelector]: Some broker in ISR is alive for __consumer_offsets-21. Select 0 from ISR 0 to be the leader. (kafka.controller.OfflinePartitionLeaderSelector)
[2018-03-08 09:43:04,285] INFO [OfflinePartitionLeaderSelector]: Selected new leader and ISR {"leader":0,"leader_epoch":30,"isr":[0]} for offline partition __consumer_offsets-21 (kafka.controller.OfflinePartitionLeaderSelector)
[2018-03-08 09:43:04,545] DEBUG [PartitionStateMachine controllerId=0] After leader election, leader cache for __consumer_offsets-21 is updated to (Leader:0,ISR:0,LeaderEpoch:30,ControllerEpoch:59) (kafka.controller.PartitionStateMachine)
[2018-03-08 09:43:04,546] DEBUG [OfflinePartitionLeaderSelector]: Some broker in ISR is alive for __consumer_offsets-3. Select 0 from ISR 0 to be the leader. (kafka.controller.OfflinePartitionLeaderSelector)
[2018-03-08 09:43:04,546] INFO [OfflinePartitionLeaderSelector]: Selected new leader and ISR {"leader":0,"leader_epoch":30,"isr":[0]} for offline partition __consumer_offsets-3 (kafka.controller.OfflinePartitionLeaderSelector)
[2018-03-08 09:43:04,693] DEBUG [PartitionStateMachine controllerId=0] After leader election, leader cache for __consumer_offsets-3 is updated to (Leader:0,ISR:0,LeaderEpoch:30,ControllerEpoch:59) (kafka.controller.PartitionStateMachine)
[2018-03-08 09:43:04,694] DEBUG [OfflinePartitionLeaderSelector]: Some broker in ISR is alive for __consumer_offsets-5. Select 0 from ISR 0 to be the leader. (kafka.controller.OfflinePartitionLeaderSelector)
[2018-03-08 09:43:04,694] INFO [OfflinePartitionLeaderSelector]: Selected new leader and ISR {"leader":0,"leader_epoch":30,"isr":[0]} for offline partition __consumer_offsets-5 (kafka.controller.OfflinePartitionLeaderSelector)
[2018-03-08 09:43:04,809] DEBUG [PartitionStateMachine controllerId=0] After leader election, leader cache for __consumer_offsets-5 is updated to (Leader:0,ISR:0,LeaderEpoch:30,ControllerEpoch:59) (kafka.controller.PartitionStateMachine)
[2018-03-08 09:43:04,990] DEBUG [OfflinePartitionLeaderSelector]: Some broker in ISR is alive for __consumer_offsets-22. Select 0 from ISR 0 to be the leader. (kafka.controller.OfflinePartitionLeaderSelector)
[2018-03-08 09:43:04,991] INFO [OfflinePartitionLeaderSelector]: Selected new leader and ISR {"leader":0,"leader_epoch":30,"isr":[0]} for offline partition __consumer_offsets-22 (kafka.controller.OfflinePartitionLeaderSelector)
[2018-03-08 09:43:05,063] DEBUG [PartitionStateMachine controllerId=0] After leader election, leader cache for __consumer_offsets-22 is updated to (Leader:0,ISR:0,LeaderEpoch:30,ControllerEpoch:59) (kafka.controller.PartitionStateMachine)
[2018-03-08 09:43:05,065] DEBUG [OfflinePartitionLeaderSelector]: Some broker in ISR is alive for __consumer_offsets-12. Select 0 from ISR 0 to be the leader. (kafka.controller.OfflinePartitionLeaderSelector)
[2018-03-08 09:43:05,065] INFO [OfflinePartitionLeaderSelector]: Selected new leader and ISR {"leader":0,"leader_epoch":31,"isr":[0]} for offline partition __consumer_offsets-12 (kafka.controller.OfflinePartitionLeaderSelector)
[2018-03-08 09:43:12,966] DEBUG [PartitionStateMachine controllerId=0] After leader election, leader cache for __consumer_offsets-12 is updated to (Leader:0,ISR:0,LeaderEpoch:31,ControllerEpoch:59) (kafka.controller.PartitionStateMachine)
[2018-03-08 09:43:21,037] DEBUG [OfflinePartitionLeaderSelector]: Some broker in ISR is alive for __consumer_offsets-8. Select 0 from ISR 0 to be the leader. (kafka.controller.OfflinePartitionLeaderSelector)
[2018-03-08 09:43:21,038] INFO [OfflinePartitionLeaderSelector]: Selected new leader and ISR {"leader":0,"leader_epoch":31,"isr":[0]} for offline partition __consumer_offsets-8 (kafka.controller.OfflinePartitionLeaderSelector)
[2018-03-08 09:43:21,520] DEBUG [PartitionStateMachine controllerId=0] After leader election, leader cache for __consumer_offsets-8 is updated to (Leader:0,ISR:0,LeaderEpoch:31,ControllerEpoch:59) (kafka.controller.PartitionStateMachine)
[2018-03-08 09:43:21,520] DEBUG [OfflinePartitionLeaderSelector]: Some broker in ISR is alive for __consumer_offsets-23. Select 0 from ISR 0 to be the leader. (kafka.controller.OfflinePartitionLeaderSelector)
[2018-03-08 09:43:21,520] INFO [OfflinePartitionLeaderSelector]: Selected new leader and ISR {"leader":0,"leader_epoch":31,"isr":[0]} for offline partition __consumer_offsets-23 (kafka.controller.OfflinePartitionLeaderSelector)
[2018-03-08 09:43:21,960] DEBUG [PartitionStateMachine controllerId=0] After leader election, leader cache for __consumer_offsets-23 is updated to (Leader:0,ISR:0,LeaderEpoch:31,ControllerEpoch:59) (kafka.controller.PartitionStateMachine)
[2018-03-08 09:43:21,961] DEBUG [OfflinePartitionLeaderSelector]: Some broker in ISR is alive for __consumer_offsets-15. Select 0 from ISR 0 to be the leader. (kafka.controller.OfflinePartitionLeaderSelector)
[2018-03-08 09:43:21,961] INFO [OfflinePartitionLeaderSelector]: Selected new leader and ISR {"leader":0,"leader_epoch":31,"isr":[0]} for offline partition __consumer_offsets-15 (kafka.controller.OfflinePartitionLeaderSelector)
[2018-03-08 09:43:22,296] DEBUG [PartitionStateMachine controllerId=0] After leader election, leader cache for __consumer_offsets-15 is updated to (Leader:0,ISR:0,LeaderEpoch:31,ControllerEpoch:59) (kafka.controller.PartitionStateMachine)
[2018-03-08 09:43:22,297] DEBUG [OfflinePartitionLeaderSelector]: Some broker in ISR is alive for __consumer_offsets-48. Select 0 from ISR 0 to be the leader. (kafka.controller.OfflinePartitionLeaderSelector)
[2018-03-08 09:43:22,297] INFO [OfflinePartitionLeaderSelector]: Selected new leader and ISR {"leader":0,"leader_epoch":31,"isr":[0]} for offline partition __consumer_offsets-48 (kafka.controller.OfflinePartitionLeaderSelector)
[2018-03-08 09:43:22,767] DEBUG [PartitionStateMachine controllerId=0] After leader election, leader cache for __consumer_offsets-48 is updated to (Leader:0,ISR:0,LeaderEpoch:31,ControllerEpoch:59) (kafka.controller.PartitionStateMachine)
[2018-03-08 09:43:22,768] DEBUG [OfflinePartitionLeaderSelector]: Some broker in ISR is alive for __consumer_offsets-11. Select 0 from ISR 0 to be the leader. (kafka.controller.OfflinePartitionLeaderSelector)
[2018-03-08 09:43:22,768] INFO [OfflinePartitionLeaderSelector]: Selected new leader and ISR {"leader":0,"leader_epoch":32,"isr":[0]} for offline partition __consumer_offsets-11 (kafka.controller.OfflinePartitionLeaderSelector)
[2018-03-08 09:43:23,135] DEBUG [PartitionStateMachine controllerId=0] After leader election, leader cache for __consumer_offsets-11 is updated to (Leader:0,ISR:0,LeaderEpoch:32,ControllerEpoch:59) (kafka.controller.PartitionStateMachine)
[2018-03-08 09:43:23,135] DEBUG [OfflinePartitionLeaderSelector]: Some broker in ISR is alive for __consumer_offsets-13. Select 0 from ISR 0 to be the leader. (kafka.controller.OfflinePartitionLeaderSelector)
[2018-03-08 09:43:23,135] INFO [OfflinePartitionLeaderSelector]: Selected new leader and ISR {"leader":0,"leader_epoch":31,"isr":[0]} for offline partition __consumer_offsets-13 (kafka.controller.OfflinePartitionLeaderSelector)
[2018-03-08 09:43:23,294] DEBUG [PartitionStateMachine controllerId=0] After leader election, leader cache for __consumer_offsets-13 is updated to (Leader:0,ISR:0,LeaderEpoch:31,ControllerEpoch:59) (kafka.controller.PartitionStateMachine)
[2018-03-08 09:43:23,295] DEBUG [OfflinePartitionLeaderSelector]: Some broker in ISR is alive for __consumer_offsets-6. Select 0 from ISR 0 to be the leader. (kafka.controller.OfflinePartitionLeaderSelector)
[2018-03-08 09:43:23,295] INFO [OfflinePartitionLeaderSelector]: Selected new leader and ISR {"leader":0,"leader_epoch":31,"isr":[0]} for offline partition __consumer_offsets-6 (kafka.controller.OfflinePartitionLeaderSelector)
[2018-03-08 09:43:23,521] DEBUG [PartitionStateMachine controllerId=0] After leader election, leader cache for __consumer_offsets-6 is updated to (Leader:0,ISR:0,LeaderEpoch:31,ControllerEpoch:59) (kafka.controller.PartitionStateMachine)
[2018-03-08 09:43:23,521] DEBUG [OfflinePartitionLeaderSelector]: Some broker in ISR is alive for __consumer_offsets-49. Select 0 from ISR 0 to be the leader. (kafka.controller.OfflinePartitionLeaderSelector)
[2018-03-08 09:43:23,521] INFO [OfflinePartitionLeaderSelector]: Selected new leader and ISR {"leader":0,"leader_epoch":31,"isr":[0]} for offline partition __consumer_offsets-49 (kafka.controller.OfflinePartitionLeaderSelector)
[2018-03-08 09:43:24,424] DEBUG [PartitionStateMachine controllerId=0] After leader election, leader cache for __consumer_offsets-49 is updated to (Leader:0,ISR:0,LeaderEpoch:31,ControllerEpoch:59) (kafka.controller.PartitionStateMachine)
[2018-03-08 09:43:24,425] DEBUG [OfflinePartitionLeaderSelector]: Some broker in ISR is alive for __consumer_offsets-4. Select 0 from ISR 0 to be the leader. (kafka.controller.OfflinePartitionLeaderSelector)
[2018-03-08 09:43:24,425] INFO [OfflinePartitionLeaderSelector]: Selected new leader and ISR {"leader":0,"leader_epoch":32,"isr":[0]} for offline partition __consumer_offsets-4 (kafka.controller.OfflinePartitionLeaderSelector)
[2018-03-08 09:43:24,640] DEBUG [PartitionStateMachine controllerId=0] After leader election, leader cache for __consumer_offsets-4 is updated to (Leader:0,ISR:0,LeaderEpoch:32,ControllerEpoch:59) (kafka.controller.PartitionStateMachine)
[2018-03-08 09:43:24,641] DEBUG [OfflinePartitionLeaderSelector]: Some broker in ISR is alive for __consumer_offsets-28. Select 0 from ISR 0 to be the leader. (kafka.controller.OfflinePartitionLeaderSelector)
[2018-03-08 09:43:24,641] INFO [OfflinePartitionLeaderSelector]: Selected new leader and ISR {"leader":0,"leader_epoch":31,"isr":[0]} for offline partition __consumer_offsets-28 (kafka.controller.OfflinePartitionLeaderSelector)
[2018-03-08 09:43:24,866] DEBUG [PartitionStateMachine controllerId=0] After leader election, leader cache for __consumer_offsets-28 is updated to (Leader:0,ISR:0,LeaderEpoch:31,ControllerEpoch:59) (kafka.controller.PartitionStateMachine)
[2018-03-08 09:43:24,866] DEBUG [OfflinePartitionLeaderSelector]: Some broker in ISR is alive for __consumer_offsets-37. Select 0 from ISR 0 to be the leader. (kafka.controller.OfflinePartitionLeaderSelector)
[2018-03-08 09:43:24,866] INFO [OfflinePartitionLeaderSelector]: Selected new leader and ISR {"leader":0,"leader_epoch":31,"isr":[0]} for offline partition __consumer_offsets-37 (kafka.controller.OfflinePartitionLeaderSelector)
[2018-03-08 09:43:25,318] DEBUG [PartitionStateMachine controllerId=0] After leader election, leader cache for __consumer_offsets-37 is updated to (Leader:0,ISR:0,LeaderEpoch:31,ControllerEpoch:59) (kafka.controller.PartitionStateMachine)
[2018-03-08 09:43:25,319] DEBUG [OfflinePartitionLeaderSelector]: Some broker in ISR is alive for __consumer_offsets-31. Select 0 from ISR 0 to be the leader. (kafka.controller.OfflinePartitionLeaderSelector)
[2018-03-08 09:43:25,319] INFO [OfflinePartitionLeaderSelector]: Selected new leader and ISR {"leader":0,"leader_epoch":32,"isr":[0]} for offline partition __consumer_offsets-31 (kafka.controller.OfflinePartitionLeaderSelector)
[2018-03-08 09:43:25,745] DEBUG [PartitionStateMachine controllerId=0] After leader election, leader cache for __consumer_offsets-31 is updated to (Leader:0,ISR:0,LeaderEpoch:32,ControllerEpoch:59) (kafka.controller.PartitionStateMachine)
[2018-03-08 09:43:25,746] DEBUG [OfflinePartitionLeaderSelector]: Some broker in ISR is alive for topiccommit-1. Select 0 from ISR 1,0 to be the leader. (kafka.controller.OfflinePartitionLeaderSelector)
[2018-03-08 09:43:25,746] INFO [OfflinePartitionLeaderSelector]: Selected new leader and ISR {"leader":0,"leader_epoch":34,"isr":[1,0]} for offline partition topiccommit-1 (kafka.controller.OfflinePartitionLeaderSelector)
[2018-03-08 09:43:26,415] DEBUG [PartitionStateMachine controllerId=0] After leader election, leader cache for topiccommit-1 is updated to (Leader:0,ISR:1,0,LeaderEpoch:34,ControllerEpoch:59) (kafka.controller.PartitionStateMachine)
[2018-03-08 09:43:26,416] DEBUG [OfflinePartitionLeaderSelector]: Some broker in ISR is alive for __consumer_offsets-44. Select 0 from ISR 0 to be the leader. (kafka.controller.OfflinePartitionLeaderSelector)
[2018-03-08 09:43:26,416] INFO [OfflinePartitionLeaderSelector]: Selected new leader and ISR {"leader":0,"leader_epoch":31,"isr":[0]} for offline partition __consumer_offsets-44 (kafka.controller.OfflinePartitionLeaderSelector)
[2018-03-08 09:43:26,680] DEBUG [PartitionStateMachine controllerId=0] After leader election, leader cache for __consumer_offsets-44 is updated to (Leader:0,ISR:0,LeaderEpoch:31,ControllerEpoch:59) (kafka.controller.PartitionStateMachine)
[2018-03-08 09:43:26,680] DEBUG [OfflinePartitionLeaderSelector]: Some broker in ISR is alive for __consumer_offsets-42. Select 0 from ISR 0 to be the leader. (kafka.controller.OfflinePartitionLeaderSelector)
[2018-03-08 09:43:26,680] INFO [OfflinePartitionLeaderSelector]: Selected new leader and ISR {"leader":0,"leader_epoch":32,"isr":[0]} for offline partition __consumer_offsets-42 (kafka.controller.OfflinePartitionLeaderSelector)
[2018-03-08 09:43:26,928] DEBUG [PartitionStateMachine controllerId=0] After leader election, leader cache for __consumer_offsets-42 is updated to (Leader:0,ISR:0,LeaderEpoch:32,ControllerEpoch:59) (kafka.controller.PartitionStateMachine)
[2018-03-08 09:43:26,928] DEBUG [OfflinePartitionLeaderSelector]: Some broker in ISR is alive for __consumer_offsets-34. Select 0 from ISR 0 to be the leader. (kafka.controller.OfflinePartitionLeaderSelector)
[2018-03-08 09:43:26,929] INFO [OfflinePartitionLeaderSelector]: Selected new leader and ISR {"leader":0,"leader_epoch":32,"isr":[0]} for offline partition __consumer_offsets-34 (kafka.controller.OfflinePartitionLeaderSelector)
[2018-03-08 09:43:27,559] DEBUG [PartitionStateMachine controllerId=0] After leader election, leader cache for __consumer_offsets-34 is updated to (Leader:0,ISR:0,LeaderEpoch:32,ControllerEpoch:59) (kafka.controller.PartitionStateMachine)
[2018-03-08 09:43:27,560] DEBUG [OfflinePartitionLeaderSelector]: Some broker in ISR is alive for __consumer_offsets-46. Select 0 from ISR 0 to be the leader. (kafka.controller.OfflinePartitionLeaderSelector)
[2018-03-08 09:43:27,560] INFO [OfflinePartitionLeaderSelector]: Selected new leader and ISR {"leader":0,"leader_epoch":31,"isr":[0]} for offline partition __consumer_offsets-46 (kafka.controller.OfflinePartitionLeaderSelector)
[2018-03-08 09:43:27,965] DEBUG [PartitionStateMachine controllerId=0] After leader election, leader cache for __consumer_offsets-46 is updated to (Leader:0,ISR:0,LeaderEpoch:31,ControllerEpoch:59) (kafka.controller.PartitionStateMachine)
[2018-03-08 09:43:27,966] DEBUG [OfflinePartitionLeaderSelector]: Some broker in ISR is alive for __consumer_offsets-25. Select 0 from ISR 0 to be the leader. (kafka.controller.OfflinePartitionLeaderSelector)
[2018-03-08 09:43:27,966] INFO [OfflinePartitionLeaderSelector]: Selected new leader and ISR {"leader":0,"leader_epoch":32,"isr":[0]} for offline partition __consumer_offsets-25 (kafka.controller.OfflinePartitionLeaderSelector)
[2018-03-08 09:43:28,147] DEBUG [PartitionStateMachine controllerId=0] After leader election, leader cache for __consumer_offsets-25 is updated to (Leader:0,ISR:0,LeaderEpoch:32,ControllerEpoch:59) (kafka.controller.PartitionStateMachine)
[2018-03-08 09:43:28,147] DEBUG [OfflinePartitionLeaderSelector]: Some broker in ISR is alive for __consumer_offsets-45. Select 0 from ISR 0 to be the leader. (kafka.controller.OfflinePartitionLeaderSelector)
[2018-03-08 09:43:28,147] INFO [OfflinePartitionLeaderSelector]: Selected new leader and ISR {"leader":0,"leader_epoch":31,"isr":[0]} for offline partition __consumer_offsets-45 (kafka.controller.OfflinePartitionLeaderSelector)
[2018-03-08 09:43:28,404] DEBUG [PartitionStateMachine controllerId=0] After leader election, leader cache for __consumer_offsets-45 is updated to (Leader:0,ISR:0,LeaderEpoch:31,ControllerEpoch:59) (kafka.controller.PartitionStateMachine)
[2018-03-08 09:43:28,405] DEBUG [OfflinePartitionLeaderSelector]: Some broker in ISR is alive for topiccommit-2. Select 0 from ISR 1,0 to be the leader. (kafka.controller.OfflinePartitionLeaderSelector)
[2018-03-08 09:43:28,405] INFO [OfflinePartitionLeaderSelector]: Selected new leader and ISR {"leader":0,"leader_epoch":34,"isr":[1,0]} for offline partition topiccommit-2 (kafka.controller.OfflinePartitionLeaderSelector)
[2018-03-08 09:43:28,744] DEBUG [PartitionStateMachine controllerId=0] After leader election, leader cache for topiccommit-2 is updated to (Leader:0,ISR:1,0,LeaderEpoch:34,ControllerEpoch:59) (kafka.controller.PartitionStateMachine)
[2018-03-08 09:43:28,745] DEBUG [OfflinePartitionLeaderSelector]: Some broker in ISR is alive for topiccommit-8. Select 0 from ISR 1,0 to be the leader. (kafka.controller.OfflinePartitionLeaderSelector)
[2018-03-08 09:43:28,745] INFO [OfflinePartitionLeaderSelector]: Selected new leader and ISR {"leader":0,"leader_epoch":34,"isr":[1,0]} for offline partition topiccommit-8 (kafka.controller.OfflinePartitionLeaderSelector)
[2018-03-08 09:43:29,191] DEBUG [PartitionStateMachine controllerId=0] After leader election, leader cache for topiccommit-8 is updated to (Leader:0,ISR:1,0,LeaderEpoch:34,ControllerEpoch:59) (kafka.controller.PartitionStateMachine)
[2018-03-08 09:43:29,191] DEBUG [OfflinePartitionLeaderSelector]: Some broker in ISR is alive for __consumer_offsets-27. Select 0 from ISR 0 to be the leader. (kafka.controller.OfflinePartitionLeaderSelector)
[2018-03-08 09:43:29,191] INFO [OfflinePartitionLeaderSelector]: Selected new leader and ISR {"leader":0,"leader_epoch":31,"isr":[0]} for offline partition __consumer_offsets-27 (kafka.controller.OfflinePartitionLeaderSelector)
[2018-03-08 09:43:29,902] DEBUG [PartitionStateMachine controllerId=0] After leader election, leader cache for __consumer_offsets-27 is updated to (Leader:0,ISR:0,LeaderEpoch:31,ControllerEpoch:59) (kafka.controller.PartitionStateMachine)
[2018-03-08 09:43:29,903] DEBUG [OfflinePartitionLeaderSelector]: Some broker in ISR is alive for __consumer_offsets-32. Select 0 from ISR 0 to be the leader. (kafka.controller.OfflinePartitionLeaderSelector)
[2018-03-08 09:43:29,903] INFO [OfflinePartitionLeaderSelector]: Selected new leader and ISR {"leader":0,"leader_epoch":31,"isr":[0]} for offline partition __consumer_offsets-32 (kafka.controller.OfflinePartitionLeaderSelector)
[2018-03-08 09:43:30,283] DEBUG [PartitionStateMachine controllerId=0] After leader election, leader cache for __consumer_offsets-32 is updated to (Leader:0,ISR:0,LeaderEpoch:31,ControllerEpoch:59) (kafka.controller.PartitionStateMachine)
[2018-03-08 09:43:30,283] DEBUG [OfflinePartitionLeaderSelector]: Some broker in ISR is alive for __consumer_offsets-43. Select 0 from ISR 0 to be the leader. (kafka.controller.OfflinePartitionLeaderSelector)
[2018-03-08 09:43:30,283] INFO [OfflinePartitionLeaderSelector]: Selected new leader and ISR {"leader":0,"leader_epoch":32,"isr":[0]} for offline partition __consumer_offsets-43 (kafka.controller.OfflinePartitionLeaderSelector)
[2018-03-08 09:43:30,585] DEBUG [PartitionStateMachine controllerId=0] After leader election, leader cache for __consumer_offsets-43 is updated to (Leader:0,ISR:0,LeaderEpoch:32,ControllerEpoch:59) (kafka.controller.PartitionStateMachine)
[2018-03-08 09:43:30,586] DEBUG [OfflinePartitionLeaderSelector]: Some broker in ISR is alive for __consumer_offsets-36. Select 0 from ISR 0 to be the leader. (kafka.controller.OfflinePartitionLeaderSelector)
[2018-03-08 09:43:30,586] INFO [OfflinePartitionLeaderSelector]: Selected new leader and ISR {"leader":0,"leader_epoch":31,"isr":[0]} for offline partition __consumer_offsets-36 (kafka.controller.OfflinePartitionLeaderSelector)
[2018-03-08 09:43:31,632] DEBUG [PartitionStateMachine controllerId=0] After leader election, leader cache for __consumer_offsets-36 is updated to (Leader:0,ISR:0,LeaderEpoch:31,ControllerEpoch:59) (kafka.controller.PartitionStateMachine)
[2018-03-08 09:43:33,083] DEBUG [OfflinePartitionLeaderSelector]: Some broker in ISR is alive for __consumer_offsets-35. Select 0 from ISR 0 to be the leader. (kafka.controller.OfflinePartitionLeaderSelector)
[2018-03-08 09:43:33,083] INFO [OfflinePartitionLeaderSelector]: Selected new leader and ISR {"leader":0,"leader_epoch":32,"isr":[0]} for offline partition __consumer_offsets-35 (kafka.controller.OfflinePartitionLeaderSelector)
[2018-03-08 09:43:33,619] DEBUG [PartitionStateMachine controllerId=0] After leader election, leader cache for __consumer_offsets-35 is updated to (Leader:0,ISR:0,LeaderEpoch:32,ControllerEpoch:59) (kafka.controller.PartitionStateMachine)
[2018-03-08 09:43:33,620] DEBUG [OfflinePartitionLeaderSelector]: Some broker in ISR is alive for __consumer_offsets-7. Select 0 from ISR 0 to be the leader. (kafka.controller.OfflinePartitionLeaderSelector)
[2018-03-08 09:43:33,620] INFO [OfflinePartitionLeaderSelector]: Selected new leader and ISR {"leader":0,"leader_epoch":31,"isr":[0]} for offline partition __consumer_offsets-7 (kafka.controller.OfflinePartitionLeaderSelector)
[2018-03-08 09:43:34,137] DEBUG [PartitionStateMachine controllerId=0] After leader election, leader cache for __consumer_offsets-7 is updated to (Leader:0,ISR:0,LeaderEpoch:31,ControllerEpoch:59) (kafka.controller.PartitionStateMachine)
[2018-03-08 09:43:34,139] DEBUG [OfflinePartitionLeaderSelector]: Some broker in ISR is alive for __consumer_offsets-9. Select 0 from ISR 0 to be the leader. (kafka.controller.OfflinePartitionLeaderSelector)
[2018-03-08 09:43:34,139] INFO [OfflinePartitionLeaderSelector]: Selected new leader and ISR {"leader":0,"leader_epoch":32,"isr":[0]} for offline partition __consumer_offsets-9 (kafka.controller.OfflinePartitionLeaderSelector)
[2018-03-08 09:43:34,243] DEBUG [PartitionStateMachine controllerId=0] After leader election, leader cache for __consumer_offsets-9 is updated to (Leader:0,ISR:0,LeaderEpoch:32,ControllerEpoch:59) (kafka.controller.PartitionStateMachine)
[2018-03-08 09:43:34,244] DEBUG [OfflinePartitionLeaderSelector]: Some broker in ISR is alive for __consumer_offsets-38. Select 0 from ISR 0 to be the leader. (kafka.controller.OfflinePartitionLeaderSelector)
[2018-03-08 09:43:34,244] INFO [OfflinePartitionLeaderSelector]: Selected new leader and ISR {"leader":0,"leader_epoch":31,"isr":[0]} for offline partition __consumer_offsets-38 (kafka.controller.OfflinePartitionLeaderSelector)
[2018-03-08 09:43:35,773] DEBUG [PartitionStateMachine controllerId=0] After leader election, leader cache for __consumer_offsets-38 is updated to (Leader:0,ISR:0,LeaderEpoch:31,ControllerEpoch:59) (kafka.controller.PartitionStateMachine)
[2018-03-08 09:43:35,774] DEBUG [OfflinePartitionLeaderSelector]: Some broker in ISR is alive for __consumer_offsets-1. Select 0 from ISR 0 to be the leader. (kafka.controller.OfflinePartitionLeaderSelector)
[2018-03-08 09:43:35,774] INFO [OfflinePartitionLeaderSelector]: Selected new leader and ISR {"leader":0,"leader_epoch":31,"isr":[0]} for offline partition __consumer_offsets-1 (kafka.controller.OfflinePartitionLeaderSelector)
[2018-03-08 09:43:36,031] DEBUG [PartitionStateMachine controllerId=0] After leader election, leader cache for __consumer_offsets-1 is updated to (Leader:0,ISR:0,LeaderEpoch:31,ControllerEpoch:59) (kafka.controller.PartitionStateMachine)
[2018-03-08 09:43:36,033] DEBUG [OfflinePartitionLeaderSelector]: Some broker in ISR is alive for topiccommit-4. Select 1 from ISR 1,0 to be the leader. (kafka.controller.OfflinePartitionLeaderSelector)
[2018-03-08 09:43:36,033] INFO [OfflinePartitionLeaderSelector]: Selected new leader and ISR {"leader":1,"leader_epoch":34,"isr":[1,0]} for offline partition topiccommit-4 (kafka.controller.OfflinePartitionLeaderSelector)
[2018-03-08 09:43:36,131] DEBUG [PartitionStateMachine controllerId=0] After leader election, leader cache for topiccommit-4 is updated to (Leader:1,ISR:1,0,LeaderEpoch:34,ControllerEpoch:59) (kafka.controller.PartitionStateMachine)
[2018-03-08 09:43:36,133] DEBUG [OfflinePartitionLeaderSelector]: Some broker in ISR is alive for __consumer_offsets-16. Select 0 from ISR 0 to be the leader. (kafka.controller.OfflinePartitionLeaderSelector)
[2018-03-08 09:43:36,133] INFO [OfflinePartitionLeaderSelector]: Selected new leader and ISR {"leader":0,"leader_epoch":31,"isr":[0]} for offline partition __consumer_offsets-16 (kafka.controller.OfflinePartitionLeaderSelector)
[2018-03-08 09:43:36,626] DEBUG [PartitionStateMachine controllerId=0] After leader election, leader cache for __consumer_offsets-16 is updated to (Leader:0,ISR:0,LeaderEpoch:31,ControllerEpoch:59) (kafka.controller.PartitionStateMachine)
[2018-03-08 09:43:36,628] DEBUG [OfflinePartitionLeaderSelector]: Some broker in ISR is alive for __consumer_offsets-2. Select 0 from ISR 0 to be the leader. (kafka.controller.OfflinePartitionLeaderSelector)
[2018-03-08 09:43:36,628] INFO [OfflinePartitionLeaderSelector]: Selected new leader and ISR {"leader":0,"leader_epoch":32,"isr":[0]} for offline partition __consumer_offsets-2 (kafka.controller.OfflinePartitionLeaderSelector)
[2018-03-08 09:43:36,740] DEBUG [PartitionStateMachine controllerId=0] After leader election, leader cache for __consumer_offsets-2 is updated to (Leader:0,ISR:0,LeaderEpoch:32,ControllerEpoch:59) (kafka.controller.PartitionStateMachine)
[2018-03-08 09:43:36,745] INFO [PartitionStateMachine controllerId=0] Started partition state machine with initial state -> Map(__consumer_offsets-19 -> OnlinePartition, __consumer_offsets-30 -> OnlinePartition, __consumer_offsets-47 -> OnlinePartition, __consumer_offsets-29 -> OnlinePartition, __consumer_offsets-41 -> OnlinePartition, __consumer_offsets-39 -> OnlinePartition, __consumer_offsets-17 -> OnlinePartition, __consumer_offsets-10 -> OnlinePartition, topic-commit-0 -> OfflinePartition, __consumer_offsets-14 -> OnlinePartition, __consumer_offsets-40 -> OnlinePartition, __consumer_offsets-18 -> OnlinePartition, __consumer_offsets-26 -> OnlinePartition, __consumer_offsets-0 -> OnlinePartition, __consumer_offsets-24 -> OnlinePartition, topiccommit-3 -> OnlinePartition, __consumer_offsets-33 -> OnlinePartition, topiccommit-7 -> OnlinePartition, topiccommit-5 -> OnlinePartition, __consumer_offsets-20 -> OnlinePartition, __consumer_offsets-21 -> OnlinePartition, __consumer_offsets-3 -> OnlinePartition, __consumer_offsets-5 -> OnlinePartition, __consumer_offsets-22 -> OnlinePartition, __consumer_offsets-12 -> OnlinePartition, __consumer_offsets-8 -> OnlinePartition, __consumer_offsets-23 -> OnlinePartition, __consumer_offsets-15 -> OnlinePartition, __consumer_offsets-48 -> OnlinePartition, __consumer_offsets-11 -> OnlinePartition, __consumer_offsets-13 -> OnlinePartition, __consumer_offsets-6 -> OnlinePartition, __consumer_offsets-49 -> OnlinePartition, __consumer_offsets-4 -> OnlinePartition, __consumer_offsets-28 -> OnlinePartition, __consumer_offsets-37 -> OnlinePartition, topiccommit-0 -> OnlinePartition, topiccommit-9 -> OnlinePartition, __consumer_offsets-31 -> OnlinePartition, topiccommit-1 -> OnlinePartition, __consumer_offsets-44 -> OnlinePartition, __consumer_offsets-42 -> OnlinePartition, __consumer_offsets-34 -> OnlinePartition, __consumer_offsets-46 -> OnlinePartition, __consumer_offsets-25 -> OnlinePartition, __consumer_offsets-45 -> OnlinePartition, topiccommit-2 -> OnlinePartition, topiccommit-6 -> OnlinePartition, topiccommit-8 -> OnlinePartition, __consumer_offsets-27 -> OnlinePartition, __consumer_offsets-32 -> OnlinePartition, __consumer_offsets-43 -> OnlinePartition, __consumer_offsets-36 -> OnlinePartition, __consumer_offsets-35 -> OnlinePartition, __consumer_offsets-7 -> OnlinePartition, __consumer_offsets-9 -> OnlinePartition, __consumer_offsets-38 -> OnlinePartition, __consumer_offsets-1 -> OnlinePartition, topiccommit-4 -> OnlinePartition, __consumer_offsets-16 -> OnlinePartition, __consumer_offsets-2 -> OnlinePartition) (kafka.controller.PartitionStateMachine)
[2018-03-08 09:43:36,746] INFO [Controller id=0] Ready to serve as the new controller with epoch 59 (kafka.controller.KafkaController)
[2018-03-08 09:43:36,746] INFO [Topic Deletion Manager 0], Handling deletion for topics topic-commit (kafka.controller.TopicDeletionManager)
[2018-03-08 09:43:36,746] DEBUG [ReplicaStateMachine controllerId=0] Are all replicas for topic topic-commit deleted Map([Topic=topic-commit,Partition=0,Replica=11] -> ReplicaDeletionIneligible) (kafka.controller.ReplicaStateMachine)
[2018-03-08 09:43:36,746] INFO [Topic Deletion Manager 0], Retrying delete topic for topic topic-commit since replicas [Topic=topic-commit,Partition=0,Replica=11] were not successfully deleted (kafka.controller.TopicDeletionManager)
[2018-03-08 09:43:36,746] INFO [ReplicaStateMachine controllerId=0] Invoking state change to OfflineReplica for replicas [Topic=topic-commit,Partition=0,Replica=11] (kafka.controller.ReplicaStateMachine)
[2018-03-08 09:43:36,746] DEBUG [Controller id=0] Removing replica 11 from ISR 11 for partition topic-commit-0. (kafka.controller.KafkaController)
[2018-03-08 09:43:36,748] INFO [Controller id=0] Retaining last ISR 11 of partition topic-commit-0 since unclean leader election is disabled (kafka.controller.KafkaController)
[2018-03-08 09:43:37,450] INFO [Controller id=0] New leader and ISR for partition topic-commit-0 is {"leader":-1,"leader_epoch":31,"isr":[11]} (kafka.controller.KafkaController)
[2018-03-08 09:43:37,881] DEBUG The stop replica request (delete = true) sent to broker 11 is  (kafka.controller.ControllerBrokerRequestBatch)
[2018-03-08 09:43:37,882] DEBUG The stop replica request (delete = false) sent to broker 11 is [Topic=topic-commit,Partition=0,Replica=11] (kafka.controller.ControllerBrokerRequestBatch)
[2018-03-08 09:43:37,882] WARN [Channel manager on controller 0]: Not sending request (type=StopReplicaRequest, controllerId=0, controllerEpoch=59, deletePartitions=false, partitions=topic-commit-0) to broker 11, since it is offline. (kafka.controller.ControllerChannelManager)
[2018-03-08 09:43:37,883] INFO [Topic Deletion Manager 0], Not retrying deletion of topic topic-commit at this time since it is marked ineligible for deletion (kafka.controller.TopicDeletionManager)
[2018-03-08 09:43:37,885] INFO [Controller id=0] Partitions undergoing preferred replica election:  (kafka.controller.KafkaController)
[2018-03-08 09:43:37,885] INFO [Controller id=0] Partitions that completed preferred replica election:  (kafka.controller.KafkaController)
[2018-03-08 09:43:37,885] INFO [Controller id=0] Skipping preferred replica election for partitions due to topic deletion:  (kafka.controller.KafkaController)
[2018-03-08 09:43:37,885] INFO [Controller id=0] Resuming preferred replica election for partitions:  (kafka.controller.KafkaController)
[2018-03-08 09:43:37,885] INFO [Controller id=0] Starting preferred replica leader election for partitions  (kafka.controller.KafkaController)
[2018-03-08 09:43:37,885] INFO [PartitionStateMachine controllerId=0] Invoking state change to OnlinePartition for partitions  (kafka.controller.PartitionStateMachine)
[2018-03-08 09:43:38,049] INFO [Controller id=0] Starting the controller scheduler (kafka.controller.KafkaController)
[2018-03-08 09:43:38,051] INFO [Controller id=0] Newly added brokers: 2, deleted brokers: , all live brokers: 0,1,2 (kafka.controller.KafkaController)
[2018-03-08 09:43:38,052] DEBUG [Channel manager on controller 0]: Controller 0 trying to connect to broker 2 (kafka.controller.ControllerChannelManager)
[2018-03-08 09:43:38,053] INFO [Controller id=0] New broker startup callback for 2 (kafka.controller.KafkaController)
[2018-03-08 09:43:38,053] INFO [Controller-0-to-broker-2-send-thread]: Starting (kafka.controller.RequestSendThread)
[2018-03-08 09:43:38,054] INFO [ReplicaStateMachine controllerId=0] Invoking state change to OnlineReplica for replicas [Topic=topiccommit,Partition=2,Replica=2],[Topic=topiccommit,Partition=8,Replica=2],[Topic=topiccommit,Partition=1,Replica=2],[Topic=topiccommit,Partition=9,Replica=2],[Topic=topiccommit,Partition=7,Replica=2],[Topic=topiccommit,Partition=3,Replica=2],[Topic=topiccommit,Partition=4,Replica=2],[Topic=topiccommit,Partition=0,Replica=2],[Topic=topiccommit,Partition=5,Replica=2],[Topic=topiccommit,Partition=6,Replica=2] (kafka.controller.ReplicaStateMachine)
[2018-03-08 09:43:38,054] INFO [Controller-0-to-broker-2-send-thread]: Controller 0 connected to bigData:9094 (id: 2 rack: null) for sending state change requests (kafka.controller.RequestSendThread)
[2018-03-08 09:43:38,198] DEBUG [Controller id=0] Sending MetadataRequest to Brokers:Vector(0, 1, 2) for TopicAndPartitions:Set(topiccommit-8, topiccommit-5) (kafka.controller.KafkaController)
[2018-03-08 09:43:38,372] DEBUG [Controller id=0] Resigning (kafka.controller.KafkaController)
[2018-03-08 09:43:38,373] DEBUG [Controller id=0] De-registering IsrChangeNotificationListener (kafka.controller.KafkaController)
[2018-03-08 09:43:38,373] DEBUG [Controller id=0] De-registering logDirEventNotificationListener (kafka.controller.KafkaController)
[2018-03-08 09:43:38,374] INFO [PartitionStateMachine controllerId=0] Stopped partition state machine (kafka.controller.PartitionStateMachine)
[2018-03-08 09:43:38,374] INFO [ReplicaStateMachine controllerId=0] Stopped replica state machine (kafka.controller.ReplicaStateMachine)
[2018-03-08 09:43:38,374] INFO [Controller-0-to-broker-2-send-thread]: Shutting down (kafka.controller.RequestSendThread)
[2018-03-08 09:44:15,213] WARN [Controller-0-to-broker-0-send-thread]: Controller 0 epoch 59 fails to send request (type=LeaderAndIsRequest, controllerId=0, controllerEpoch=59, partitionStates={__consumer_offsets-49=PartitionState(controllerEpoch=59, leader=0, leaderEpoch=31, isr=0, zkVersion=31, replicas=0, isNew=false), __consumer_offsets-38=PartitionState(controllerEpoch=59, leader=0, leaderEpoch=31, isr=0, zkVersion=31, replicas=0, isNew=false), topiccommit-7=PartitionState(controllerEpoch=59, leader=0, leaderEpoch=35, isr=1,0, zkVersion=75, replicas=2,0,1, isNew=false), __consumer_offsets-16=PartitionState(controllerEpoch=59, leader=0, leaderEpoch=31, isr=0, zkVersion=31, replicas=0, isNew=false), __consumer_offsets-27=PartitionState(controllerEpoch=59, leader=0, leaderEpoch=31, isr=0, zkVersion=31, replicas=0, isNew=false), __consumer_offsets-8=PartitionState(controllerEpoch=59, leader=0, leaderEpoch=31, isr=0, zkVersion=31, replicas=0, isNew=false), __consumer_offsets-19=PartitionState(controllerEpoch=59, leader=0, leaderEpoch=30, isr=0, zkVersion=30, replicas=0, isNew=false), __consumer_offsets-2=PartitionState(controllerEpoch=59, leader=0, leaderEpoch=32, isr=0, zkVersion=32, replicas=0, isNew=false), __consumer_offsets-13=PartitionState(controllerEpoch=59, leader=0, leaderEpoch=31, isr=0, zkVersion=31, replicas=0, isNew=false), topiccommit-4=PartitionState(controllerEpoch=59, leader=1, leaderEpoch=34, isr=1,0, zkVersion=74, replicas=2,1,0, isNew=false), __consumer_offsets-24=PartitionState(controllerEpoch=59, leader=0, leaderEpoch=30, isr=0, zkVersion=30, replicas=0, isNew=false), __consumer_offsets-46=PartitionState(controllerEpoch=59, leader=0, leaderEpoch=31, isr=0, zkVersion=31, replicas=0, isNew=false), __consumer_offsets-35=PartitionState(controllerEpoch=59, leader=0, leaderEpoch=32, isr=0, zkVersion=32, replicas=0, isNew=false), __consumer_offsets-5=PartitionState(controllerEpoch=59, leader=0, leaderEpoch=30, isr=0, zkVersion=30, replicas=0, isNew=false), __consumer_offsets-43=PartitionState(controllerEpoch=59, leader=0, leaderEpoch=32, isr=0, zkVersion=32, replicas=0, isNew=false), __consumer_offsets-21=PartitionState(controllerEpoch=59, leader=0, leaderEpoch=30, isr=0, zkVersion=30, replicas=0, isNew=false), topiccommit-1=PartitionState(controllerEpoch=59, leader=0, leaderEpoch=34, isr=1,0, zkVersion=74, replicas=2,0,1, isNew=false), __consumer_offsets-32=PartitionState(controllerEpoch=59, leader=0, leaderEpoch=31, isr=0, zkVersion=31, replicas=0, isNew=false), __consumer_offsets-10=PartitionState(controllerEpoch=59, leader=0, leaderEpoch=30, isr=0, zkVersion=30, replicas=0, isNew=false), __consumer_offsets-37=PartitionState(controllerEpoch=59, leader=0, leaderEpoch=31, isr=0, zkVersion=31, replicas=0, isNew=false), __consumer_offsets-48=PartitionState(controllerEpoch=59, leader=0, leaderEpoch=31, isr=0, zkVersion=31, replicas=0, isNew=false), __consumer_offsets-29=PartitionState(controllerEpoch=59, leader=0, leaderEpoch=31, isr=0, zkVersion=31, replicas=0, isNew=false), __consumer_offsets-40=PartitionState(controllerEpoch=59, leader=0, leaderEpoch=31, isr=0, zkVersion=31, replicas=0, isNew=false), __consumer_offsets-18=PartitionState(controllerEpoch=59, leader=0, leaderEpoch=30, isr=0, zkVersion=30, replicas=0, isNew=false), __consumer_offsets-7=PartitionState(controllerEpoch=59, leader=0, leaderEpoch=31, isr=0, zkVersion=31, replicas=0, isNew=false), __consumer_offsets-23=PartitionState(controllerEpoch=59, leader=0, leaderEpoch=31, isr=0, zkVersion=31, replicas=0, isNew=false), __consumer_offsets-34=PartitionState(controllerEpoch=59, leader=0, leaderEpoch=32, isr=0, zkVersion=32, replicas=0, isNew=false), __consumer_offsets-45=PartitionState(controllerEpoch=59, leader=0, leaderEpoch=31, isr=0, zkVersion=31, replicas=0, isNew=false), __consumer_offsets-26=PartitionState(controllerEpoch=59, leader=0, leaderEpoch=31, isr=0, zkVersion=31, replicas=0, isNew=false), __consumer_offsets-15=PartitionState(controllerEpoch=59, leader=0, leaderEpoch=31, isr=0, zkVersion=31, replicas=0, isNew=false), __consumer_offsets-4=PartitionState(controllerEpoch=59, leader=0, leaderEpoch=32, isr=0, zkVersion=32, replicas=0, isNew=false), __consumer_offsets-42=PartitionState(controllerEpoch=59, leader=0, leaderEpoch=32, isr=0, zkVersion=32, replicas=0, isNew=false), __consumer_offsets-9=PartitionState(controllerEpoch=59, leader=0, leaderEpoch=32, isr=0, zkVersion=32, replicas=0, isNew=false), __consumer_offsets-20=PartitionState(controllerEpoch=59, leader=0, leaderEpoch=30, isr=0, zkVersion=30, replicas=0, isNew=false), __consumer_offsets-31=PartitionState(controllerEpoch=59, leader=0, leaderEpoch=32, isr=0, zkVersion=32, replicas=0, isNew=false), topiccommit-5=PartitionState(controllerEpoch=59, leader=0, leaderEpoch=33, isr=1,0, zkVersion=72, replicas=0,2,1, isNew=false), __consumer_offsets-1=PartitionState(controllerEpoch=59, leader=0, leaderEpoch=31, isr=0, zkVersion=31, replicas=0, isNew=false), __consumer_offsets-12=PartitionState(controllerEpoch=59, leader=0, leaderEpoch=31, isr=0, zkVersion=31, replicas=0, isNew=false), __consumer_offsets-17=PartitionState(controllerEpoch=59, leader=0, leaderEpoch=31, isr=0, zkVersion=31, replicas=0, isNew=false), __consumer_offsets-28=PartitionState(controllerEpoch=59, leader=0, leaderEpoch=31, isr=0, zkVersion=31, replicas=0, isNew=false), __consumer_offsets-6=PartitionState(controllerEpoch=59, leader=0, leaderEpoch=31, isr=0, zkVersion=31, replicas=0, isNew=false), __consumer_offsets-39=PartitionState(controllerEpoch=59, leader=0, leaderEpoch=30, isr=0, zkVersion=30, replicas=0, isNew=false), topiccommit-8=PartitionState(controllerEpoch=59, leader=0, leaderEpoch=34, isr=1,0, zkVersion=69, replicas=0,1,2, isNew=false), __consumer_offsets-44=PartitionState(controllerEpoch=59, leader=0, leaderEpoch=31, isr=0, zkVersion=31, replicas=0, isNew=false), topiccommit-2=PartitionState(controllerEpoch=59, leader=0, leaderEpoch=34, isr=1,0, zkVersion=72, replicas=0,1,2, isNew=false), __consumer_offsets-47=PartitionState(controllerEpoch=59, leader=0, leaderEpoch=30, isr=0, zkVersion=30, replicas=0, isNew=false), __consumer_offsets-36=PartitionState(controllerEpoch=59, leader=0, leaderEpoch=31, isr=0, zkVersion=31, replicas=0, isNew=false), __consumer_offsets-3=PartitionState(controllerEpoch=59, leader=0, leaderEpoch=30, isr=0, zkVersion=30, replicas=0, isNew=false), __consumer_offsets-14=PartitionState(controllerEpoch=59, leader=0, leaderEpoch=30, isr=0, zkVersion=30, replicas=0, isNew=false), __consumer_offsets-25=PartitionState(controllerEpoch=59, leader=0, leaderEpoch=32, isr=0, zkVersion=32, replicas=0, isNew=false), __consumer_offsets-30=PartitionState(controllerEpoch=59, leader=0, leaderEpoch=31, isr=0, zkVersion=31, replicas=0, isNew=false), __consumer_offsets-41=PartitionState(controllerEpoch=59, leader=0, leaderEpoch=30, isr=0, zkVersion=30, replicas=0, isNew=false), __consumer_offsets-22=PartitionState(controllerEpoch=59, leader=0, leaderEpoch=30, isr=0, zkVersion=30, replicas=0, isNew=false), __consumer_offsets-33=PartitionState(controllerEpoch=59, leader=0, leaderEpoch=30, isr=0, zkVersion=30, replicas=0, isNew=false), __consumer_offsets-11=PartitionState(controllerEpoch=59, leader=0, leaderEpoch=32, isr=0, zkVersion=32, replicas=0, isNew=false), __consumer_offsets-0=PartitionState(controllerEpoch=59, leader=0, leaderEpoch=30, isr=0, zkVersion=30, replicas=0, isNew=false)}, liveLeaders=(bigData:9092 (id: 0 rack: null), bigData:9093 (id: 1 rack: null))) to broker bigData:9092 (id: 0 rack: null). Reconnecting to broker. (kafka.controller.RequestSendThread)
java.io.IOException: Connection to 0 was disconnected before the response was read
	at org.apache.kafka.clients.NetworkClientUtils.sendAndReceive(NetworkClientUtils.java:95)
	at kafka.controller.RequestSendThread.doWork(ControllerChannelManager.scala:230)
	at kafka.utils.ShutdownableThread.run(ShutdownableThread.scala:64)
[2018-03-08 09:44:15,213] WARN [Controller-0-to-broker-2-send-thread]: Controller 0 epoch 59 fails to send request (type: UpdateMetadataRequest=, controllerId=0, controllerEpoch=59, partitionStates={__consumer_offsets-22=PartitionState(controllerEpoch=59, leader=0, leaderEpoch=30, isr=[0], zkVersion=30, replicas=[0], offlineReplicas=[]), __consumer_offsets-30=PartitionState(controllerEpoch=59, leader=0, leaderEpoch=31, isr=[0], zkVersion=31, replicas=[0], offlineReplicas=[]), __consumer_offsets-8=PartitionState(controllerEpoch=59, leader=0, leaderEpoch=31, isr=[0], zkVersion=31, replicas=[0], offlineReplicas=[]), __consumer_offsets-21=PartitionState(controllerEpoch=59, leader=0, leaderEpoch=30, isr=[0], zkVersion=30, replicas=[0], offlineReplicas=[]), __consumer_offsets-4=PartitionState(controllerEpoch=59, leader=0, leaderEpoch=32, isr=[0], zkVersion=32, replicas=[0], offlineReplicas=[]), __consumer_offsets-27=PartitionState(controllerEpoch=59, leader=0, leaderEpoch=31, isr=[0], zkVersion=31, replicas=[0], offlineReplicas=[]), __consumer_offsets-7=PartitionState(controllerEpoch=59, leader=0, leaderEpoch=31, isr=[0], zkVersion=31, replicas=[0], offlineReplicas=[]), __consumer_offsets-9=PartitionState(controllerEpoch=59, leader=0, leaderEpoch=32, isr=[0], zkVersion=32, replicas=[0], offlineReplicas=[]), __consumer_offsets-46=PartitionState(controllerEpoch=59, leader=0, leaderEpoch=31, isr=[0], zkVersion=31, replicas=[0], offlineReplicas=[]), __consumer_offsets-25=PartitionState(controllerEpoch=59, leader=0, leaderEpoch=32, isr=[0], zkVersion=32, replicas=[0], offlineReplicas=[]), __consumer_offsets-35=PartitionState(controllerEpoch=59, leader=0, leaderEpoch=32, isr=[0], zkVersion=32, replicas=[0], offlineReplicas=[]), topiccommit-4=PartitionState(controllerEpoch=59, leader=1, leaderEpoch=34, isr=[1, 0], zkVersion=74, replicas=[2, 1, 0], offlineReplicas=[]), __consumer_offsets-41=PartitionState(controllerEpoch=59, leader=0, leaderEpoch=30, isr=[0], zkVersion=30, replicas=[0], offlineReplicas=[]), __consumer_offsets-33=PartitionState(controllerEpoch=59, leader=0, leaderEpoch=30, isr=[0], zkVersion=30, replicas=[0], offlineReplicas=[]), __consumer_offsets-23=PartitionState(controllerEpoch=59, leader=0, leaderEpoch=31, isr=[0], zkVersion=31, replicas=[0], offlineReplicas=[]), __consumer_offsets-49=PartitionState(controllerEpoch=59, leader=0, leaderEpoch=31, isr=[0], zkVersion=31, replicas=[0], offlineReplicas=[]), __consumer_offsets-47=PartitionState(controllerEpoch=59, leader=0, leaderEpoch=30, isr=[0], zkVersion=30, replicas=[0], offlineReplicas=[]), __consumer_offsets-16=PartitionState(controllerEpoch=59, leader=0, leaderEpoch=31, isr=[0], zkVersion=31, replicas=[0], offlineReplicas=[]), topiccommit-9=PartitionState(controllerEpoch=58, leader=1, leaderEpoch=38, isr=[1, 2], zkVersion=75, replicas=[1, 0, 2], offlineReplicas=[]), __consumer_offsets-28=PartitionState(controllerEpoch=59, leader=0, leaderEpoch=31, isr=[0], zkVersion=31, replicas=[0], offlineReplicas=[]), topiccommit-3=PartitionState(controllerEpoch=58, leader=1, leaderEpoch=40, isr=[1, 2], zkVersion=76, replicas=[1, 0, 2], offlineReplicas=[]), __consumer_offsets-31=PartitionState(controllerEpoch=59, leader=0, leaderEpoch=32, isr=[0], zkVersion=32, replicas=[0], offlineReplicas=[]), __consumer_offsets-36=PartitionState(controllerEpoch=59, leader=0, leaderEpoch=31, isr=[0], zkVersion=31, replicas=[0], offlineReplicas=[]), __consumer_offsets-42=PartitionState(controllerEpoch=59, leader=0, leaderEpoch=32, isr=[0], zkVersion=32, replicas=[0], offlineReplicas=[]), __consumer_offsets-3=PartitionState(controllerEpoch=59, leader=0, leaderEpoch=30, isr=[0], zkVersion=30, replicas=[0], offlineReplicas=[]), __consumer_offsets-18=PartitionState(controllerEpoch=59, leader=0, leaderEpoch=30, isr=[0], zkVersion=30, replicas=[0], offlineReplicas=[]), __consumer_offsets-37=PartitionState(controllerEpoch=59, leader=0, leaderEpoch=31, isr=[0], zkVersion=31, replicas=[0], offlineReplicas=[]), __consumer_offsets-15=PartitionState(controllerEpoch=59, leader=0, leaderEpoch=31, isr=[0], zkVersion=31, replicas=[0], offlineReplicas=[]), __consumer_offsets-24=PartitionState(controllerEpoch=59, leader=0, leaderEpoch=30, isr=[0], zkVersion=30, replicas=[0], offlineReplicas=[]), topiccommit-8=PartitionState(controllerEpoch=59, leader=0, leaderEpoch=34, isr=[1, 0], zkVersion=69, replicas=[0, 1, 2], offlineReplicas=[]), __consumer_offsets-38=PartitionState(controllerEpoch=59, leader=0, leaderEpoch=31, isr=[0], zkVersion=31, replicas=[0], offlineReplicas=[]), __consumer_offsets-17=PartitionState(controllerEpoch=59, leader=0, leaderEpoch=31, isr=[0], zkVersion=31, replicas=[0], offlineReplicas=[]), __consumer_offsets-48=PartitionState(controllerEpoch=59, leader=0, leaderEpoch=31, isr=[0], zkVersion=31, replicas=[0], offlineReplicas=[]), topiccommit-2=PartitionState(controllerEpoch=59, leader=0, leaderEpoch=34, isr=[1, 0], zkVersion=72, replicas=[0, 1, 2], offlineReplicas=[]), __consumer_offsets-19=PartitionState(controllerEpoch=59, leader=0, leaderEpoch=30, isr=[0], zkVersion=30, replicas=[0], offlineReplicas=[]), __consumer_offsets-11=PartitionState(controllerEpoch=59, leader=0, leaderEpoch=32, isr=[0], zkVersion=32, replicas=[0], offlineReplicas=[]), __consumer_offsets-13=PartitionState(controllerEpoch=59, leader=0, leaderEpoch=31, isr=[0], zkVersion=31, replicas=[0], offlineReplicas=[]), __consumer_offsets-2=PartitionState(controllerEpoch=59, leader=0, leaderEpoch=32, isr=[0], zkVersion=32, replicas=[0], offlineReplicas=[]), __consumer_offsets-43=PartitionState(controllerEpoch=59, leader=0, leaderEpoch=32, isr=[0], zkVersion=32, replicas=[0], offlineReplicas=[]), __consumer_offsets-6=PartitionState(controllerEpoch=59, leader=0, leaderEpoch=31, isr=[0], zkVersion=31, replicas=[0], offlineReplicas=[]), __consumer_offsets-14=PartitionState(controllerEpoch=59, leader=0, leaderEpoch=30, isr=[0], zkVersion=30, replicas=[0], offlineReplicas=[]), __consumer_offsets-20=PartitionState(controllerEpoch=59, leader=0, leaderEpoch=30, isr=[0], zkVersion=30, replicas=[0], offlineReplicas=[]), __consumer_offsets-0=PartitionState(controllerEpoch=59, leader=0, leaderEpoch=30, isr=[0], zkVersion=30, replicas=[0], offlineReplicas=[]), __consumer_offsets-44=PartitionState(controllerEpoch=59, leader=0, leaderEpoch=31, isr=[0], zkVersion=31, replicas=[0], offlineReplicas=[]), topiccommit-7=PartitionState(controllerEpoch=59, leader=0, leaderEpoch=35, isr=[1, 0], zkVersion=75, replicas=[2, 0, 1], offlineReplicas=[]), __consumer_offsets-39=PartitionState(controllerEpoch=59, leader=0, leaderEpoch=30, isr=[0], zkVersion=30, replicas=[0], offlineReplicas=[]), topiccommit-6=PartitionState(controllerEpoch=58, leader=1, leaderEpoch=40, isr=[1, 2], zkVersion=79, replicas=[1, 2, 0], offlineReplicas=[]), __consumer_offsets-12=PartitionState(controllerEpoch=59, leader=0, leaderEpoch=31, isr=[0], zkVersion=31, replicas=[0], offlineReplicas=[]), __consumer_offsets-45=PartitionState(controllerEpoch=59, leader=0, leaderEpoch=31, isr=[0], zkVersion=31, replicas=[0], offlineReplicas=[]), __consumer_offsets-1=PartitionState(controllerEpoch=59, leader=0, leaderEpoch=31, isr=[0], zkVersion=31, replicas=[0], offlineReplicas=[]), __consumer_offsets-5=PartitionState(controllerEpoch=59, leader=0, leaderEpoch=30, isr=[0], zkVersion=30, replicas=[0], offlineReplicas=[]), __consumer_offsets-26=PartitionState(controllerEpoch=59, leader=0, leaderEpoch=31, isr=[0], zkVersion=31, replicas=[0], offlineReplicas=[]), topic-commit-0=PartitionState(controllerEpoch=59, leader=-2, leaderEpoch=0, isr=[11], zkVersion=0, replicas=[11], offlineReplicas=[11]), __consumer_offsets-29=PartitionState(controllerEpoch=59, leader=0, leaderEpoch=31, isr=[0], zkVersion=31, replicas=[0], offlineReplicas=[]), __consumer_offsets-34=PartitionState(controllerEpoch=59, leader=0, leaderEpoch=32, isr=[0], zkVersion=32, replicas=[0], offlineReplicas=[]), __consumer_offsets-10=PartitionState(controllerEpoch=59, leader=0, leaderEpoch=30, isr=[0], zkVersion=30, replicas=[0], offlineReplicas=[]), __consumer_offsets-32=PartitionState(controllerEpoch=59, leader=0, leaderEpoch=31, isr=[0], zkVersion=31, replicas=[0], offlineReplicas=[]), __consumer_offsets-40=PartitionState(controllerEpoch=59, leader=0, leaderEpoch=31, isr=[0], zkVersion=31, replicas=[0], offlineReplicas=[]), topiccommit-5=PartitionState(controllerEpoch=59, leader=0, leaderEpoch=33, isr=[1, 0], zkVersion=72, replicas=[0, 2, 1], offlineReplicas=[]), topiccommit-1=PartitionState(controllerEpoch=59, leader=0, leaderEpoch=34, isr=[1, 0], zkVersion=74, replicas=[2, 0, 1], offlineReplicas=[]), topiccommit-0=PartitionState(controllerEpoch=58, leader=1, leaderEpoch=38, isr=[1, 2], zkVersion=75, replicas=[1, 2, 0], offlineReplicas=[])}, liveBrokers=(id=0, endPoints=(host=bigData, port=9092, listenerName=ListenerName(PLAINTEXT), securityProtocol=PLAINTEXT), rack=null), (id=1, endPoints=(host=bigData, port=9093, listenerName=ListenerName(PLAINTEXT), securityProtocol=PLAINTEXT), rack=null), (id=2, endPoints=(host=bigData, port=9094, listenerName=ListenerName(PLAINTEXT), securityProtocol=PLAINTEXT), rack=null)) to broker bigData:9094 (id: 2 rack: null). Reconnecting to broker. (kafka.controller.RequestSendThread)
java.io.IOException: Connection to 2 was disconnected before the response was read
	at org.apache.kafka.clients.NetworkClientUtils.sendAndReceive(NetworkClientUtils.java:95)
	at kafka.controller.RequestSendThread.doWork(ControllerChannelManager.scala:230)
	at kafka.utils.ShutdownableThread.run(ShutdownableThread.scala:64)
[2018-03-08 09:44:15,213] WARN [Controller-0-to-broker-1-send-thread]: Controller 0 epoch 59 fails to send request (type=LeaderAndIsRequest, controllerId=0, controllerEpoch=59, partitionStates={topiccommit-7=PartitionState(controllerEpoch=59, leader=0, leaderEpoch=35, isr=1,0, zkVersion=75, replicas=2,0,1, isNew=false), topiccommit-4=PartitionState(controllerEpoch=59, leader=1, leaderEpoch=34, isr=1,0, zkVersion=74, replicas=2,1,0, isNew=false), topiccommit-1=PartitionState(controllerEpoch=59, leader=0, leaderEpoch=34, isr=1,0, zkVersion=74, replicas=2,0,1, isNew=false), topiccommit-5=PartitionState(controllerEpoch=59, leader=0, leaderEpoch=33, isr=1,0, zkVersion=72, replicas=0,2,1, isNew=false), topiccommit-8=PartitionState(controllerEpoch=59, leader=0, leaderEpoch=34, isr=1,0, zkVersion=69, replicas=0,1,2, isNew=false), topiccommit-2=PartitionState(controllerEpoch=59, leader=0, leaderEpoch=34, isr=1,0, zkVersion=72, replicas=0,1,2, isNew=false)}, liveLeaders=(bigData:9092 (id: 0 rack: null), bigData:9093 (id: 1 rack: null))) to broker bigData:9093 (id: 1 rack: null). Reconnecting to broker. (kafka.controller.RequestSendThread)
java.io.IOException: Connection to 1 was disconnected before the response was read
	at org.apache.kafka.clients.NetworkClientUtils.sendAndReceive(NetworkClientUtils.java:95)
	at kafka.controller.RequestSendThread.doWork(ControllerChannelManager.scala:230)
	at kafka.utils.ShutdownableThread.run(ShutdownableThread.scala:64)
[2018-03-08 09:44:17,838] INFO [Controller-0-to-broker-2-send-thread]: Stopped (kafka.controller.RequestSendThread)
[2018-03-08 09:44:17,838] INFO [Controller-0-to-broker-2-send-thread]: Shutdown completed (kafka.controller.RequestSendThread)
[2018-03-08 09:44:17,842] INFO [Controller-0-to-broker-1-send-thread]: Shutting down (kafka.controller.RequestSendThread)
[2018-03-08 09:44:17,842] INFO [Controller-0-to-broker-1-send-thread]: Stopped (kafka.controller.RequestSendThread)
[2018-03-08 09:44:17,842] INFO [Controller-0-to-broker-1-send-thread]: Shutdown completed (kafka.controller.RequestSendThread)
[2018-03-08 09:44:17,845] INFO [Controller-0-to-broker-0-send-thread]: Shutting down (kafka.controller.RequestSendThread)
[2018-03-08 09:44:17,845] INFO [Controller-0-to-broker-0-send-thread]: Shutdown completed (kafka.controller.RequestSendThread)
[2018-03-08 09:44:17,845] INFO [Controller-0-to-broker-0-send-thread]: Stopped (kafka.controller.RequestSendThread)
[2018-03-08 09:44:17,848] INFO [Controller id=0] Resigned (kafka.controller.KafkaController)
[2018-03-08 09:50:01,195] DEBUG [Controller id=0] Broker 2 has been elected as the controller, so stopping the election process. (kafka.controller.KafkaController)
[2018-03-08 09:50:01,597] DEBUG [Controller id=0] Broker 2 has been elected as the controller, so stopping the election process. (kafka.controller.KafkaController)
[2018-03-08 09:50:02,302] DEBUG [Controller id=0] Broker 2 has been elected as the controller, so stopping the election process. (kafka.controller.KafkaController)
[2018-03-08 09:50:07,282] DEBUG [Controller id=0] Broker 1 was elected as controller instead of broker 0 (kafka.controller.KafkaController)
[2018-03-08 09:51:07,846] DEBUG [Controller id=0] Broker 1 has been elected as the controller, so stopping the election process. (kafka.controller.KafkaController)
[2018-03-08 09:53:10,678] DEBUG [Controller id=0] Broker 1 has been elected as the controller, so stopping the election process. (kafka.controller.KafkaController)
