[2018-03-12 18:03:04,165] ERROR Failed to access checkpoint file cleaner-offset-checkpoint in dir /home/nour/Project/RandomGeneratorCommitFiles/kafka/logs/kafka-0 (kafka.log.LogCleaner)
org.apache.kafka.common.errors.KafkaStorageException: Error while reading checkpoint file /home/nour/Project/RandomGeneratorCommitFiles/kafka/logs/kafka-0/cleaner-offset-checkpoint
Caused by: java.io.FileNotFoundException: /home/nour/Project/RandomGeneratorCommitFiles/kafka/logs/kafka-0/cleaner-offset-checkpoint (Aucun fichier ou dossier de ce type)
	at java.io.FileInputStream.open0(Native Method)
	at java.io.FileInputStream.open(FileInputStream.java:195)
	at java.io.FileInputStream.<init>(FileInputStream.java:138)
	at kafka.server.checkpoints.CheckpointFile.liftedTree2$1(CheckpointFile.scala:87)
	at kafka.server.checkpoints.CheckpointFile.read(CheckpointFile.scala:86)
	at kafka.server.checkpoints.OffsetCheckpointFile.read(OffsetCheckpointFile.scala:61)
	at kafka.log.LogCleanerManager.$anonfun$allCleanerCheckpoints$2(LogCleanerManager.scala:89)
	at scala.collection.TraversableLike.$anonfun$flatMap$1(TraversableLike.scala:241)
	at scala.collection.Iterator.foreach(Iterator.scala:929)
	at scala.collection.Iterator.foreach$(Iterator.scala:929)
	at scala.collection.AbstractIterator.foreach(Iterator.scala:1417)
	at scala.collection.MapLike$DefaultValuesIterable.foreach(MapLike.scala:210)
	at scala.collection.TraversableLike.flatMap(TraversableLike.scala:241)
	at scala.collection.TraversableLike.flatMap$(TraversableLike.scala:238)
	at scala.collection.AbstractTraversable.flatMap(Traversable.scala:104)
	at kafka.log.LogCleanerManager.$anonfun$allCleanerCheckpoints$1(LogCleanerManager.scala:87)
	at kafka.utils.CoreUtils$.inLock(CoreUtils.scala:217)
	at kafka.log.LogCleanerManager.allCleanerCheckpoints(LogCleanerManager.scala:95)
	at kafka.log.LogCleanerManager.$anonfun$grabFilthiestCompactedLog$1(LogCleanerManager.scala:126)
	at kafka.utils.CoreUtils$.inLock(CoreUtils.scala:217)
	at kafka.log.LogCleanerManager.grabFilthiestCompactedLog(LogCleanerManager.scala:123)
	at kafka.log.LogCleaner$CleanerThread.cleanOrSleep(LogCleaner.scala:256)
	at kafka.log.LogCleaner$CleanerThread.doWork(LogCleaner.scala:243)
	at kafka.utils.ShutdownableThread.run(ShutdownableThread.scala:64)
